{"user_id":"0001","raw_input":"@_t1_topic1_kickoff_@","normalized_input":"@_t1_topic1_kickoff_@","matched_gambit":[],"timestamp":"2017-03-28T07:56:06.008Z"}
{"user_id":"0001","raw_input":"topic1 answer1","normalized_input":"topic1 answer1","matched_gambit":[],"timestamp":"2017-03-28T07:56:06.655Z"}
{"user_id":"0001","raw_input":"topic1 answer2","normalized_input":"topic1 answer2","matched_gambit":[],"timestamp":"2017-03-28T07:56:06.705Z"}
{"user_id":"0001","raw_input":"__T2Q2","normalized_input":"__T2Q2","matched_gambit":[{"topic":"t2","input":"__T2Q2","reply":"What animals do you like?","output":"What animals do you like?"}],"timestamp":"2017-03-28T07:56:06.734Z"}
{"user_id":"0001","raw_input":"topic2 answer2","normalized_input":"topic2 answer2","matched_gambit":[],"timestamp":"2017-03-28T07:56:06.797Z"}
{"user_id":"0001","raw_input":"@_t1_topic1_kickoff_@","normalized_input":"@_t1_topic1_kickoff_@","matched_gambit":[],"timestamp":"2017-03-28T07:59:44.079Z"}
{"user_id":"0001","raw_input":"topic1 answer1","normalized_input":"topic1 answer1","matched_gambit":[],"timestamp":"2017-03-28T07:59:44.757Z"}
{"user_id":"0001","raw_input":"topic1 answer2","normalized_input":"topic1 answer2","matched_gambit":[],"timestamp":"2017-03-28T07:59:44.813Z"}
{"user_id":"0001","raw_input":"__T2Q2","normalized_input":"__T2Q2","matched_gambit":[],"timestamp":"2017-03-28T07:59:44.856Z"}
{"user_id":"0001","raw_input":"topic2 answer2","normalized_input":"topic2 answer2","matched_gambit":[],"timestamp":"2017-03-28T07:59:44.876Z"}
{"user_id":"0001","raw_input":"@_t1_topic1_kickoff_@","normalized_input":"@_t1_topic1_kickoff_@","matched_gambit":[],"timestamp":"2017-03-28T08:00:15.579Z"}
{"user_id":"0001","raw_input":"topic1 answer1","normalized_input":"topic1 answer1","matched_gambit":[],"timestamp":"2017-03-28T08:00:16.233Z"}
{"user_id":"0001","raw_input":"topic1 answer2","normalized_input":"topic1 answer2","matched_gambit":[],"timestamp":"2017-03-28T08:00:16.293Z"}
{"user_id":"0001","raw_input":"__T2Q2","normalized_input":"__T2Q2","matched_gambit":[],"timestamp":"2017-03-28T08:00:16.336Z"}
{"user_id":"0001","raw_input":"topic2 answer2","normalized_input":"topic2 answer2","matched_gambit":[],"timestamp":"2017-03-28T08:00:16.379Z"}
{"user_id":"0001","raw_input":"@_t1_topic1_kickoff_@","normalized_input":"@_t1_topic1_kickoff_@","matched_gambit":[{"topic":"t1","input":"@_t1_topic1_kickoff_@","reply":"topic one question one","subset":[{"topic":"t1","input":"__T1Q1","reply":"topic one question one","output":"topic one question one"}]}],"timestamp":"2017-03-28T08:02:24.828Z"}
{"user_id":"0001","raw_input":"topic1 answer1","normalized_input":"topic1 answer1","matched_gambit":[{"topic":"t1","input":"*","reply":"topic one question two","subset":[{"topic":"t1","input":"__T1Q2","reply":"topic one question two","output":"topic one question two"}]}],"timestamp":"2017-03-28T08:02:25.546Z"}
{"user_id":"0001","raw_input":"topic1 answer2","normalized_input":"topic1 answer2","matched_gambit":[{"topic":"t1","input":"*","reply":"topic one question three","subset":[{"topic":"t1","input":"__T1Q3","reply":"topic one question three","output":"topic one question three"}]}],"timestamp":"2017-03-28T08:02:25.604Z"}
{"user_id":"0001","raw_input":"__T2Q2","normalized_input":"__T2Q2","matched_gambit":[{"topic":"t2","input":"__T2Q2","reply":"topic two question two","output":"topic two question two"}],"timestamp":"2017-03-28T08:02:25.664Z"}
{"user_id":"0001","raw_input":"topic2 answer2","normalized_input":"topic2 answer2","matched_gambit":[],"timestamp":"2017-03-28T08:02:25.679Z"}
{"user_id":"0001","raw_input":"@_t1_topic1_kickoff_@","normalized_input":"@_t1_topic1_kickoff_@","matched_gambit":[{"topic":"t1","input":"@_t1_topic1_kickoff_@","reply":"topic one question one","subset":[{"topic":"t1","input":"__T1Q1","reply":"topic one question one","output":"topic one question one"}]}],"timestamp":"2017-03-28T08:05:43.538Z"}
{"user_id":"0001","raw_input":"topic1 answer1","normalized_input":"topic1 answer1","matched_gambit":[{"topic":"t1","input":"*","reply":"topic one question two","subset":[{"topic":"t1","input":"__T1Q2","reply":"topic one question two","output":"topic one question two"}]}],"timestamp":"2017-03-28T08:05:44.233Z"}
{"user_id":"0001","raw_input":"topic1 answer2","normalized_input":"topic1 answer2","matched_gambit":[{"topic":"t1","input":"*","reply":"topic one question three","subset":[{"topic":"t1","input":"__T1Q3","reply":"topic one question three","output":"topic one question three"}]}],"timestamp":"2017-03-28T08:05:44.287Z"}
{"user_id":"0001","raw_input":"__T1Q4","normalized_input":"__T1Q4","matched_gambit":[{"topic":"t1","input":"__T1Q4","reply":"topic one question four","output":"topic one question four"}],"timestamp":"2017-03-28T08:05:44.337Z"}
{"user_id":"0001","raw_input":"topic1 answer4","normalized_input":"topic1 answer4","matched_gambit":[],"timestamp":"2017-03-28T08:05:44.363Z"}
{"user_id":"0001","raw_input":"@_t1_topic1_kickoff_@","normalized_input":"@_t1_topic1_kickoff_@","matched_gambit":[{"topic":"t1","input":"@_t1_topic1_kickoff_@","reply":"topic one question one","subset":[{"topic":"t1","input":"__T1Q1","reply":"topic one question one","output":"topic one question one"}]}],"timestamp":"2017-03-28T08:07:36.026Z"}
{"user_id":"0001","raw_input":"topic1 answer1","normalized_input":"topic1 answer1","matched_gambit":[{"topic":"t1","input":"*","reply":"topic one question two","subset":[{"topic":"t1","input":"__T1Q2","reply":"topic one question two","output":"topic one question two"}]}],"timestamp":"2017-03-28T08:07:36.716Z"}
{"user_id":"0001","raw_input":"topic1 answer2","normalized_input":"topic1 answer2","matched_gambit":[{"topic":"t1","input":"*","reply":"topic one question three","subset":[{"topic":"t1","input":"__T1Q3","reply":"topic one question three","output":"topic one question three"}]}],"timestamp":"2017-03-28T08:07:36.775Z"}
{"user_id":"0001","raw_input":"__T1Q4","normalized_input":"__T1Q4","matched_gambit":[{"topic":"t1","input":"__T1Q4","reply":"topic one question four","output":"topic one question four"}],"timestamp":"2017-03-28T08:07:36.820Z"}
{"user_id":"0001","raw_input":"topic1 answer4","normalized_input":"topic1 answer4","matched_gambit":[],"timestamp":"2017-03-28T08:07:36.837Z"}
{"user_id":"0001","raw_input":"@_t1_topic1_kickoff_@","normalized_input":"@_t1_topic1_kickoff_@","matched_gambit":[{"topic":"t1","input":"@_t1_topic1_kickoff_@","reply":"topic one question one","subset":[{"topic":"t1","input":"__T1Q1","reply":"topic one question one","output":"topic one question one"}]}],"timestamp":"2017-03-28T08:07:54.055Z"}
{"user_id":"0001","raw_input":"topic1 answer1","normalized_input":"topic1 answer1","matched_gambit":[{"topic":"t1","input":"*","reply":"topic one question two","subset":[{"topic":"t1","input":"__T1Q2","reply":"topic one question two","output":"topic one question two"}]}],"timestamp":"2017-03-28T08:07:54.741Z"}
{"user_id":"0001","raw_input":"topic1 answer2","normalized_input":"topic1 answer2","matched_gambit":[{"topic":"t1","input":"*","reply":"topic one question three","subset":[{"topic":"t1","input":"__T1Q3","reply":"topic one question three","output":"topic one question three"}]}],"timestamp":"2017-03-28T08:07:54.803Z"}
{"user_id":"0001","raw_input":"__T1Q4","normalized_input":"__T1Q4","matched_gambit":[{"topic":"t1","input":"__T1Q4","reply":"topic one question four","output":"topic one question four"}],"timestamp":"2017-03-28T08:07:54.846Z"}
{"user_id":"0001","raw_input":"topic1 answer4","normalized_input":"topic1 answer4","matched_gambit":[],"timestamp":"2017-03-28T08:07:54.862Z"}
{"user_id":"0001","raw_input":"@_t1_topic1_kickoff_@","normalized_input":"@_t1_topic1_kickoff_@","matched_gambit":[{"topic":"t1","input":"@_t1_topic1_kickoff_@","reply":"topic one question one","subset":[{"topic":"t1","input":"__T1Q1","reply":"topic one question one","output":"topic one question one"}]}],"timestamp":"2017-03-28T08:09:10.862Z"}
{"user_id":"0001","raw_input":"topic1 answer1","normalized_input":"topic1 answer1","matched_gambit":[{"topic":"t1","input":"*","reply":"topic one question two","subset":[{"topic":"t1","input":"__T1Q2","reply":"topic one question two","output":"topic one question two"}]}],"timestamp":"2017-03-28T08:09:11.548Z"}
{"user_id":"0001","raw_input":"topic1 answer2","normalized_input":"topic1 answer2","matched_gambit":[{"topic":"t1","input":"*","reply":"topic one question three","subset":[{"topic":"t1","input":"__T1Q3","reply":"topic one question three","output":"topic one question three"}]}],"timestamp":"2017-03-28T08:09:11.606Z"}
{"user_id":"0001","raw_input":"__T2Q2","normalized_input":"__T2Q2","matched_gambit":[{"topic":"t2","input":"__T2Q2","reply":"topic two question two","output":"topic two question two"}],"timestamp":"2017-03-28T08:09:11.651Z"}
{"user_id":"0001","raw_input":"topic2 answer2","normalized_input":"topic2 answer2","matched_gambit":[],"timestamp":"2017-03-28T08:09:11.673Z"}
